<?xml version="1.0" encoding="UTF-8"?>
<testsuite xmlns:xsi="http://www.w3.org/2001/XMLSchema-instance" xsi:noNamespaceSchemaLocation="https://maven.apache.org/surefire/maven-surefire-plugin/xsd/surefire-test-report.xsd" name="com.mitrais.coding.test.ApplicationTests" time="2.831" tests="1" errors="1" skipped="0" failures="0">
  <properties>
    <property name="sun.desktop" value="windows"/>
    <property name="awt.toolkit" value="sun.awt.windows.WToolkit"/>
    <property name="file.encoding.pkg" value="sun.io"/>
    <property name="java.specification.version" value="1.8"/>
    <property name="sun.cpu.isalist" value="amd64"/>
    <property name="sun.jnu.encoding" value="Cp1252"/>
    <property name="java.class.path" value="C:\Users\hendr\Desktop\coding.test\coding.test\target\test-classes;C:\Users\hendr\Desktop\coding.test\coding.test\target\classes;C:\Users\hendr\.m2\repository\org\springframework\boot\spring-boot-starter-data-jpa\2.1.18.BUILD-SNAPSHOT\spring-boot-starter-data-jpa-2.1.18.BUILD-SNAPSHOT.jar;C:\Users\hendr\.m2\repository\org\springframework\boot\spring-boot-starter-aop\2.1.18.BUILD-SNAPSHOT\spring-boot-starter-aop-2.1.18.BUILD-SNAPSHOT.jar;C:\Users\hendr\.m2\repository\org\springframework\spring-aop\5.1.18.RELEASE\spring-aop-5.1.18.RELEASE.jar;C:\Users\hendr\.m2\repository\org\aspectj\aspectjweaver\1.9.6\aspectjweaver-1.9.6.jar;C:\Users\hendr\.m2\repository\org\springframework\boot\spring-boot-starter-jdbc\2.1.18.BUILD-SNAPSHOT\spring-boot-starter-jdbc-2.1.18.BUILD-SNAPSHOT.jar;C:\Users\hendr\.m2\repository\com\zaxxer\HikariCP\3.2.0\HikariCP-3.2.0.jar;C:\Users\hendr\.m2\repository\org\springframework\spring-jdbc\5.1.18.RELEASE\spring-jdbc-5.1.18.RELEASE.jar;C:\Users\hendr\.m2\repository\javax\transaction\javax.transaction-api\1.3\javax.transaction-api-1.3.jar;C:\Users\hendr\.m2\repository\javax\xml\bind\jaxb-api\2.3.1\jaxb-api-2.3.1.jar;C:\Users\hendr\.m2\repository\javax\activation\javax.activation-api\1.2.0\javax.activation-api-1.2.0.jar;C:\Users\hendr\.m2\repository\org\hibernate\hibernate-core\5.3.18.Final\hibernate-core-5.3.18.Final.jar;C:\Users\hendr\.m2\repository\org\jboss\logging\jboss-logging\3.3.3.Final\jboss-logging-3.3.3.Final.jar;C:\Users\hendr\.m2\repository\javax\persistence\javax.persistence-api\2.2\javax.persistence-api-2.2.jar;C:\Users\hendr\.m2\repository\org\javassist\javassist\3.23.2-GA\javassist-3.23.2-GA.jar;C:\Users\hendr\.m2\repository\net\bytebuddy\byte-buddy\1.9.16\byte-buddy-1.9.16.jar;C:\Users\hendr\.m2\repository\antlr\antlr\2.7.7\antlr-2.7.7.jar;C:\Users\hendr\.m2\repository\org\jboss\jandex\2.0.5.Final\jandex-2.0.5.Final.jar;C:\Users\hendr\.m2\repository\com\fasterxml\classmate\1.4.0\classmate-1.4.0.jar;C:\Users\hendr\.m2\repository\org\dom4j\dom4j\2.1.3\dom4j-2.1.3.jar;C:\Users\hendr\.m2\repository\org\hibernate\common\hibernate-commons-annotations\5.0.4.Final\hibernate-commons-annotations-5.0.4.Final.jar;C:\Users\hendr\.m2\repository\org\glassfish\jaxb\jaxb-runtime\2.3.1\jaxb-runtime-2.3.1.jar;C:\Users\hendr\.m2\repository\org\glassfish\jaxb\txw2\2.3.1\txw2-2.3.1.jar;C:\Users\hendr\.m2\repository\com\sun\istack\istack-commons-runtime\3.0.7\istack-commons-runtime-3.0.7.jar;C:\Users\hendr\.m2\repository\org\jvnet\staxex\stax-ex\1.8\stax-ex-1.8.jar;C:\Users\hendr\.m2\repository\com\sun\xml\fastinfoset\FastInfoset\1.2.15\FastInfoset-1.2.15.jar;C:\Users\hendr\.m2\repository\org\springframework\data\spring-data-jpa\2.1.20.RELEASE\spring-data-jpa-2.1.20.RELEASE.jar;C:\Users\hendr\.m2\repository\org\springframework\data\spring-data-commons\2.1.20.RELEASE\spring-data-commons-2.1.20.RELEASE.jar;C:\Users\hendr\.m2\repository\org\springframework\spring-orm\5.1.18.RELEASE\spring-orm-5.1.18.RELEASE.jar;C:\Users\hendr\.m2\repository\org\springframework\spring-context\5.1.18.RELEASE\spring-context-5.1.18.RELEASE.jar;C:\Users\hendr\.m2\repository\org\springframework\spring-tx\5.1.18.RELEASE\spring-tx-5.1.18.RELEASE.jar;C:\Users\hendr\.m2\repository\org\springframework\spring-beans\5.1.18.RELEASE\spring-beans-5.1.18.RELEASE.jar;C:\Users\hendr\.m2\repository\org\slf4j\slf4j-api\1.7.30\slf4j-api-1.7.30.jar;C:\Users\hendr\.m2\repository\org\springframework\spring-aspects\5.1.18.RELEASE\spring-aspects-5.1.18.RELEASE.jar;C:\Users\hendr\.m2\repository\org\springframework\boot\spring-boot-starter-web\2.1.18.BUILD-SNAPSHOT\spring-boot-starter-web-2.1.18.BUILD-SNAPSHOT.jar;C:\Users\hendr\.m2\repository\org\springframework\boot\spring-boot-starter\2.1.18.BUILD-SNAPSHOT\spring-boot-starter-2.1.18.BUILD-SNAPSHOT.jar;C:\Users\hendr\.m2\repository\org\springframework\boot\spring-boot\2.1.18.BUILD-SNAPSHOT\spring-boot-2.1.18.BUILD-SNAPSHOT.jar;C:\Users\hendr\.m2\repository\org\springframework\boot\spring-boot-autoconfigure\2.1.18.BUILD-SNAPSHOT\spring-boot-autoconfigure-2.1.18.BUILD-SNAPSHOT.jar;C:\Users\hendr\.m2\repository\org\springframework\boot\spring-boot-starter-logging\2.1.18.BUILD-SNAPSHOT\spring-boot-starter-logging-2.1.18.BUILD-SNAPSHOT.jar;C:\Users\hendr\.m2\repository\ch\qos\logback\logback-classic\1.2.3\logback-classic-1.2.3.jar;C:\Users\hendr\.m2\repository\ch\qos\logback\logback-core\1.2.3\logback-core-1.2.3.jar;C:\Users\hendr\.m2\repository\org\apache\logging\log4j\log4j-to-slf4j\2.11.2\log4j-to-slf4j-2.11.2.jar;C:\Users\hendr\.m2\repository\org\apache\logging\log4j\log4j-api\2.11.2\log4j-api-2.11.2.jar;C:\Users\hendr\.m2\repository\org\slf4j\jul-to-slf4j\1.7.30\jul-to-slf4j-1.7.30.jar;C:\Users\hendr\.m2\repository\javax\annotation\javax.annotation-api\1.3.2\javax.annotation-api-1.3.2.jar;C:\Users\hendr\.m2\repository\org\yaml\snakeyaml\1.23\snakeyaml-1.23.jar;C:\Users\hendr\.m2\repository\org\springframework\boot\spring-boot-starter-json\2.1.18.BUILD-SNAPSHOT\spring-boot-starter-json-2.1.18.BUILD-SNAPSHOT.jar;C:\Users\hendr\.m2\repository\com\fasterxml\jackson\core\jackson-databind\2.9.10.6\jackson-databind-2.9.10.6.jar;C:\Users\hendr\.m2\repository\com\fasterxml\jackson\core\jackson-annotations\2.9.10\jackson-annotations-2.9.10.jar;C:\Users\hendr\.m2\repository\com\fasterxml\jackson\core\jackson-core\2.9.10\jackson-core-2.9.10.jar;C:\Users\hendr\.m2\repository\com\fasterxml\jackson\datatype\jackson-datatype-jdk8\2.9.10\jackson-datatype-jdk8-2.9.10.jar;C:\Users\hendr\.m2\repository\com\fasterxml\jackson\datatype\jackson-datatype-jsr310\2.9.10\jackson-datatype-jsr310-2.9.10.jar;C:\Users\hendr\.m2\repository\com\fasterxml\jackson\module\jackson-module-parameter-names\2.9.10\jackson-module-parameter-names-2.9.10.jar;C:\Users\hendr\.m2\repository\org\springframework\boot\spring-boot-starter-tomcat\2.1.18.BUILD-SNAPSHOT\spring-boot-starter-tomcat-2.1.18.BUILD-SNAPSHOT.jar;C:\Users\hendr\.m2\repository\org\apache\tomcat\embed\tomcat-embed-core\9.0.38\tomcat-embed-core-9.0.38.jar;C:\Users\hendr\.m2\repository\org\apache\tomcat\embed\tomcat-embed-el\9.0.38\tomcat-embed-el-9.0.38.jar;C:\Users\hendr\.m2\repository\org\apache\tomcat\embed\tomcat-embed-websocket\9.0.38\tomcat-embed-websocket-9.0.38.jar;C:\Users\hendr\.m2\repository\org\hibernate\validator\hibernate-validator\6.0.20.Final\hibernate-validator-6.0.20.Final.jar;C:\Users\hendr\.m2\repository\javax\validation\validation-api\2.0.1.Final\validation-api-2.0.1.Final.jar;C:\Users\hendr\.m2\repository\org\springframework\spring-web\5.1.18.RELEASE\spring-web-5.1.18.RELEASE.jar;C:\Users\hendr\.m2\repository\org\springframework\spring-webmvc\5.1.18.RELEASE\spring-webmvc-5.1.18.RELEASE.jar;C:\Users\hendr\.m2\repository\org\springframework\spring-expression\5.1.18.RELEASE\spring-expression-5.1.18.RELEASE.jar;C:\Users\hendr\.m2\repository\mysql\mysql-connector-java\8.0.21\mysql-connector-java-8.0.21.jar;C:\Users\hendr\.m2\repository\org\springframework\boot\spring-boot-starter-test\2.1.18.BUILD-SNAPSHOT\spring-boot-starter-test-2.1.18.BUILD-SNAPSHOT.jar;C:\Users\hendr\.m2\repository\org\springframework\boot\spring-boot-test\2.1.18.BUILD-SNAPSHOT\spring-boot-test-2.1.18.BUILD-SNAPSHOT.jar;C:\Users\hendr\.m2\repository\org\springframework\boot\spring-boot-test-autoconfigure\2.1.18.BUILD-SNAPSHOT\spring-boot-test-autoconfigure-2.1.18.BUILD-SNAPSHOT.jar;C:\Users\hendr\.m2\repository\com\jayway\jsonpath\json-path\2.4.0\json-path-2.4.0.jar;C:\Users\hendr\.m2\repository\net\minidev\json-smart\2.3\json-smart-2.3.jar;C:\Users\hendr\.m2\repository\net\minidev\accessors-smart\1.2\accessors-smart-1.2.jar;C:\Users\hendr\.m2\repository\org\ow2\asm\asm\5.0.4\asm-5.0.4.jar;C:\Users\hendr\.m2\repository\junit\junit\4.12\junit-4.12.jar;C:\Users\hendr\.m2\repository\org\assertj\assertj-core\3.11.1\assertj-core-3.11.1.jar;C:\Users\hendr\.m2\repository\org\mockito\mockito-core\2.23.4\mockito-core-2.23.4.jar;C:\Users\hendr\.m2\repository\net\bytebuddy\byte-buddy-agent\1.9.16\byte-buddy-agent-1.9.16.jar;C:\Users\hendr\.m2\repository\org\objenesis\objenesis\2.6\objenesis-2.6.jar;C:\Users\hendr\.m2\repository\org\hamcrest\hamcrest-core\1.3\hamcrest-core-1.3.jar;C:\Users\hendr\.m2\repository\org\hamcrest\hamcrest-library\1.3\hamcrest-library-1.3.jar;C:\Users\hendr\.m2\repository\org\skyscreamer\jsonassert\1.5.0\jsonassert-1.5.0.jar;C:\Users\hendr\.m2\repository\com\vaadin\external\google\android-json\0.0.20131108.vaadin1\android-json-0.0.20131108.vaadin1.jar;C:\Users\hendr\.m2\repository\org\springframework\spring-core\5.1.18.RELEASE\spring-core-5.1.18.RELEASE.jar;C:\Users\hendr\.m2\repository\org\springframework\spring-jcl\5.1.18.RELEASE\spring-jcl-5.1.18.RELEASE.jar;C:\Users\hendr\.m2\repository\org\springframework\spring-test\5.1.18.RELEASE\spring-test-5.1.18.RELEASE.jar;C:\Users\hendr\.m2\repository\org\xmlunit\xmlunit-core\2.6.4\xmlunit-core-2.6.4.jar;"/>
    <property name="java.vm.vendor" value="Oracle Corporation"/>
    <property name="sun.arch.data.model" value="64"/>
    <property name="user.variant" value=""/>
    <property name="java.vendor.url" value="http://java.oracle.com/"/>
    <property name="user.timezone" value="Asia/Bangkok"/>
    <property name="java.vm.specification.version" value="1.8"/>
    <property name="os.name" value="Windows 10"/>
    <property name="user.country" value="ID"/>
    <property name="sun.java.launcher" value="SUN_STANDARD"/>
    <property name="sun.boot.library.path" value="C:\Program Files (x86)\java\jdk1.8.0_144\jdk1.8.0_144\jre\bin"/>
    <property name="sun.java.command" value="C:\Users\hendr\AppData\Local\Temp\surefire2956077882497868095\surefirebooter3459838065497370429.jar C:\Users\hendr\AppData\Local\Temp\surefire2956077882497868095 2020-09-29T21-41-59_518-jvmRun1 surefire8137069779414345281tmp surefire_01386539215192485714tmp"/>
    <property name="surefire.test.class.path" value="C:\Users\hendr\Desktop\coding.test\coding.test\target\test-classes;C:\Users\hendr\Desktop\coding.test\coding.test\target\classes;C:\Users\hendr\.m2\repository\org\springframework\boot\spring-boot-starter-data-jpa\2.1.18.BUILD-SNAPSHOT\spring-boot-starter-data-jpa-2.1.18.BUILD-SNAPSHOT.jar;C:\Users\hendr\.m2\repository\org\springframework\boot\spring-boot-starter-aop\2.1.18.BUILD-SNAPSHOT\spring-boot-starter-aop-2.1.18.BUILD-SNAPSHOT.jar;C:\Users\hendr\.m2\repository\org\springframework\spring-aop\5.1.18.RELEASE\spring-aop-5.1.18.RELEASE.jar;C:\Users\hendr\.m2\repository\org\aspectj\aspectjweaver\1.9.6\aspectjweaver-1.9.6.jar;C:\Users\hendr\.m2\repository\org\springframework\boot\spring-boot-starter-jdbc\2.1.18.BUILD-SNAPSHOT\spring-boot-starter-jdbc-2.1.18.BUILD-SNAPSHOT.jar;C:\Users\hendr\.m2\repository\com\zaxxer\HikariCP\3.2.0\HikariCP-3.2.0.jar;C:\Users\hendr\.m2\repository\org\springframework\spring-jdbc\5.1.18.RELEASE\spring-jdbc-5.1.18.RELEASE.jar;C:\Users\hendr\.m2\repository\javax\transaction\javax.transaction-api\1.3\javax.transaction-api-1.3.jar;C:\Users\hendr\.m2\repository\javax\xml\bind\jaxb-api\2.3.1\jaxb-api-2.3.1.jar;C:\Users\hendr\.m2\repository\javax\activation\javax.activation-api\1.2.0\javax.activation-api-1.2.0.jar;C:\Users\hendr\.m2\repository\org\hibernate\hibernate-core\5.3.18.Final\hibernate-core-5.3.18.Final.jar;C:\Users\hendr\.m2\repository\org\jboss\logging\jboss-logging\3.3.3.Final\jboss-logging-3.3.3.Final.jar;C:\Users\hendr\.m2\repository\javax\persistence\javax.persistence-api\2.2\javax.persistence-api-2.2.jar;C:\Users\hendr\.m2\repository\org\javassist\javassist\3.23.2-GA\javassist-3.23.2-GA.jar;C:\Users\hendr\.m2\repository\net\bytebuddy\byte-buddy\1.9.16\byte-buddy-1.9.16.jar;C:\Users\hendr\.m2\repository\antlr\antlr\2.7.7\antlr-2.7.7.jar;C:\Users\hendr\.m2\repository\org\jboss\jandex\2.0.5.Final\jandex-2.0.5.Final.jar;C:\Users\hendr\.m2\repository\com\fasterxml\classmate\1.4.0\classmate-1.4.0.jar;C:\Users\hendr\.m2\repository\org\dom4j\dom4j\2.1.3\dom4j-2.1.3.jar;C:\Users\hendr\.m2\repository\org\hibernate\common\hibernate-commons-annotations\5.0.4.Final\hibernate-commons-annotations-5.0.4.Final.jar;C:\Users\hendr\.m2\repository\org\glassfish\jaxb\jaxb-runtime\2.3.1\jaxb-runtime-2.3.1.jar;C:\Users\hendr\.m2\repository\org\glassfish\jaxb\txw2\2.3.1\txw2-2.3.1.jar;C:\Users\hendr\.m2\repository\com\sun\istack\istack-commons-runtime\3.0.7\istack-commons-runtime-3.0.7.jar;C:\Users\hendr\.m2\repository\org\jvnet\staxex\stax-ex\1.8\stax-ex-1.8.jar;C:\Users\hendr\.m2\repository\com\sun\xml\fastinfoset\FastInfoset\1.2.15\FastInfoset-1.2.15.jar;C:\Users\hendr\.m2\repository\org\springframework\data\spring-data-jpa\2.1.20.RELEASE\spring-data-jpa-2.1.20.RELEASE.jar;C:\Users\hendr\.m2\repository\org\springframework\data\spring-data-commons\2.1.20.RELEASE\spring-data-commons-2.1.20.RELEASE.jar;C:\Users\hendr\.m2\repository\org\springframework\spring-orm\5.1.18.RELEASE\spring-orm-5.1.18.RELEASE.jar;C:\Users\hendr\.m2\repository\org\springframework\spring-context\5.1.18.RELEASE\spring-context-5.1.18.RELEASE.jar;C:\Users\hendr\.m2\repository\org\springframework\spring-tx\5.1.18.RELEASE\spring-tx-5.1.18.RELEASE.jar;C:\Users\hendr\.m2\repository\org\springframework\spring-beans\5.1.18.RELEASE\spring-beans-5.1.18.RELEASE.jar;C:\Users\hendr\.m2\repository\org\slf4j\slf4j-api\1.7.30\slf4j-api-1.7.30.jar;C:\Users\hendr\.m2\repository\org\springframework\spring-aspects\5.1.18.RELEASE\spring-aspects-5.1.18.RELEASE.jar;C:\Users\hendr\.m2\repository\org\springframework\boot\spring-boot-starter-web\2.1.18.BUILD-SNAPSHOT\spring-boot-starter-web-2.1.18.BUILD-SNAPSHOT.jar;C:\Users\hendr\.m2\repository\org\springframework\boot\spring-boot-starter\2.1.18.BUILD-SNAPSHOT\spring-boot-starter-2.1.18.BUILD-SNAPSHOT.jar;C:\Users\hendr\.m2\repository\org\springframework\boot\spring-boot\2.1.18.BUILD-SNAPSHOT\spring-boot-2.1.18.BUILD-SNAPSHOT.jar;C:\Users\hendr\.m2\repository\org\springframework\boot\spring-boot-autoconfigure\2.1.18.BUILD-SNAPSHOT\spring-boot-autoconfigure-2.1.18.BUILD-SNAPSHOT.jar;C:\Users\hendr\.m2\repository\org\springframework\boot\spring-boot-starter-logging\2.1.18.BUILD-SNAPSHOT\spring-boot-starter-logging-2.1.18.BUILD-SNAPSHOT.jar;C:\Users\hendr\.m2\repository\ch\qos\logback\logback-classic\1.2.3\logback-classic-1.2.3.jar;C:\Users\hendr\.m2\repository\ch\qos\logback\logback-core\1.2.3\logback-core-1.2.3.jar;C:\Users\hendr\.m2\repository\org\apache\logging\log4j\log4j-to-slf4j\2.11.2\log4j-to-slf4j-2.11.2.jar;C:\Users\hendr\.m2\repository\org\apache\logging\log4j\log4j-api\2.11.2\log4j-api-2.11.2.jar;C:\Users\hendr\.m2\repository\org\slf4j\jul-to-slf4j\1.7.30\jul-to-slf4j-1.7.30.jar;C:\Users\hendr\.m2\repository\javax\annotation\javax.annotation-api\1.3.2\javax.annotation-api-1.3.2.jar;C:\Users\hendr\.m2\repository\org\yaml\snakeyaml\1.23\snakeyaml-1.23.jar;C:\Users\hendr\.m2\repository\org\springframework\boot\spring-boot-starter-json\2.1.18.BUILD-SNAPSHOT\spring-boot-starter-json-2.1.18.BUILD-SNAPSHOT.jar;C:\Users\hendr\.m2\repository\com\fasterxml\jackson\core\jackson-databind\2.9.10.6\jackson-databind-2.9.10.6.jar;C:\Users\hendr\.m2\repository\com\fasterxml\jackson\core\jackson-annotations\2.9.10\jackson-annotations-2.9.10.jar;C:\Users\hendr\.m2\repository\com\fasterxml\jackson\core\jackson-core\2.9.10\jackson-core-2.9.10.jar;C:\Users\hendr\.m2\repository\com\fasterxml\jackson\datatype\jackson-datatype-jdk8\2.9.10\jackson-datatype-jdk8-2.9.10.jar;C:\Users\hendr\.m2\repository\com\fasterxml\jackson\datatype\jackson-datatype-jsr310\2.9.10\jackson-datatype-jsr310-2.9.10.jar;C:\Users\hendr\.m2\repository\com\fasterxml\jackson\module\jackson-module-parameter-names\2.9.10\jackson-module-parameter-names-2.9.10.jar;C:\Users\hendr\.m2\repository\org\springframework\boot\spring-boot-starter-tomcat\2.1.18.BUILD-SNAPSHOT\spring-boot-starter-tomcat-2.1.18.BUILD-SNAPSHOT.jar;C:\Users\hendr\.m2\repository\org\apache\tomcat\embed\tomcat-embed-core\9.0.38\tomcat-embed-core-9.0.38.jar;C:\Users\hendr\.m2\repository\org\apache\tomcat\embed\tomcat-embed-el\9.0.38\tomcat-embed-el-9.0.38.jar;C:\Users\hendr\.m2\repository\org\apache\tomcat\embed\tomcat-embed-websocket\9.0.38\tomcat-embed-websocket-9.0.38.jar;C:\Users\hendr\.m2\repository\org\hibernate\validator\hibernate-validator\6.0.20.Final\hibernate-validator-6.0.20.Final.jar;C:\Users\hendr\.m2\repository\javax\validation\validation-api\2.0.1.Final\validation-api-2.0.1.Final.jar;C:\Users\hendr\.m2\repository\org\springframework\spring-web\5.1.18.RELEASE\spring-web-5.1.18.RELEASE.jar;C:\Users\hendr\.m2\repository\org\springframework\spring-webmvc\5.1.18.RELEASE\spring-webmvc-5.1.18.RELEASE.jar;C:\Users\hendr\.m2\repository\org\springframework\spring-expression\5.1.18.RELEASE\spring-expression-5.1.18.RELEASE.jar;C:\Users\hendr\.m2\repository\mysql\mysql-connector-java\8.0.21\mysql-connector-java-8.0.21.jar;C:\Users\hendr\.m2\repository\org\springframework\boot\spring-boot-starter-test\2.1.18.BUILD-SNAPSHOT\spring-boot-starter-test-2.1.18.BUILD-SNAPSHOT.jar;C:\Users\hendr\.m2\repository\org\springframework\boot\spring-boot-test\2.1.18.BUILD-SNAPSHOT\spring-boot-test-2.1.18.BUILD-SNAPSHOT.jar;C:\Users\hendr\.m2\repository\org\springframework\boot\spring-boot-test-autoconfigure\2.1.18.BUILD-SNAPSHOT\spring-boot-test-autoconfigure-2.1.18.BUILD-SNAPSHOT.jar;C:\Users\hendr\.m2\repository\com\jayway\jsonpath\json-path\2.4.0\json-path-2.4.0.jar;C:\Users\hendr\.m2\repository\net\minidev\json-smart\2.3\json-smart-2.3.jar;C:\Users\hendr\.m2\repository\net\minidev\accessors-smart\1.2\accessors-smart-1.2.jar;C:\Users\hendr\.m2\repository\org\ow2\asm\asm\5.0.4\asm-5.0.4.jar;C:\Users\hendr\.m2\repository\junit\junit\4.12\junit-4.12.jar;C:\Users\hendr\.m2\repository\org\assertj\assertj-core\3.11.1\assertj-core-3.11.1.jar;C:\Users\hendr\.m2\repository\org\mockito\mockito-core\2.23.4\mockito-core-2.23.4.jar;C:\Users\hendr\.m2\repository\net\bytebuddy\byte-buddy-agent\1.9.16\byte-buddy-agent-1.9.16.jar;C:\Users\hendr\.m2\repository\org\objenesis\objenesis\2.6\objenesis-2.6.jar;C:\Users\hendr\.m2\repository\org\hamcrest\hamcrest-core\1.3\hamcrest-core-1.3.jar;C:\Users\hendr\.m2\repository\org\hamcrest\hamcrest-library\1.3\hamcrest-library-1.3.jar;C:\Users\hendr\.m2\repository\org\skyscreamer\jsonassert\1.5.0\jsonassert-1.5.0.jar;C:\Users\hendr\.m2\repository\com\vaadin\external\google\android-json\0.0.20131108.vaadin1\android-json-0.0.20131108.vaadin1.jar;C:\Users\hendr\.m2\repository\org\springframework\spring-core\5.1.18.RELEASE\spring-core-5.1.18.RELEASE.jar;C:\Users\hendr\.m2\repository\org\springframework\spring-jcl\5.1.18.RELEASE\spring-jcl-5.1.18.RELEASE.jar;C:\Users\hendr\.m2\repository\org\springframework\spring-test\5.1.18.RELEASE\spring-test-5.1.18.RELEASE.jar;C:\Users\hendr\.m2\repository\org\xmlunit\xmlunit-core\2.6.4\xmlunit-core-2.6.4.jar;"/>
    <property name="sun.cpu.endian" value="little"/>
    <property name="user.home" value="C:\Users\hendr"/>
    <property name="user.language" value="en"/>
    <property name="java.specification.vendor" value="Oracle Corporation"/>
    <property name="java.home" value="C:\Program Files (x86)\java\jdk1.8.0_144\jdk1.8.0_144\jre"/>
    <property name="basedir" value="C:\Users\hendr\Desktop\coding.test\coding.test"/>
    <property name="file.separator" value="\"/>
    <property name="line.separator" value="&#10;"/>
    <property name="java.vm.specification.vendor" value="Oracle Corporation"/>
    <property name="java.specification.name" value="Java Platform API Specification"/>
    <property name="java.awt.graphicsenv" value="sun.awt.Win32GraphicsEnvironment"/>
    <property name="surefire.real.class.path" value="C:\Users\hendr\AppData\Local\Temp\surefire2956077882497868095\surefirebooter3459838065497370429.jar"/>
    <property name="sun.boot.class.path" value="C:\Program Files (x86)\java\jdk1.8.0_144\jdk1.8.0_144\jre\lib\resources.jar;C:\Program Files (x86)\java\jdk1.8.0_144\jdk1.8.0_144\jre\lib\rt.jar;C:\Program Files (x86)\java\jdk1.8.0_144\jdk1.8.0_144\jre\lib\sunrsasign.jar;C:\Program Files (x86)\java\jdk1.8.0_144\jdk1.8.0_144\jre\lib\jsse.jar;C:\Program Files (x86)\java\jdk1.8.0_144\jdk1.8.0_144\jre\lib\jce.jar;C:\Program Files (x86)\java\jdk1.8.0_144\jdk1.8.0_144\jre\lib\charsets.jar;C:\Program Files (x86)\java\jdk1.8.0_144\jdk1.8.0_144\jre\lib\jfr.jar;C:\Program Files (x86)\java\jdk1.8.0_144\jdk1.8.0_144\jre\classes"/>
    <property name="user.script" value=""/>
    <property name="sun.management.compiler" value="HotSpot 64-Bit Tiered Compilers"/>
    <property name="java.runtime.version" value="1.8.0_144-b01"/>
    <property name="user.name" value="hendr"/>
    <property name="path.separator" value=";"/>
    <property name="os.version" value="10.0"/>
    <property name="java.endorsed.dirs" value="C:\Program Files (x86)\java\jdk1.8.0_144\jdk1.8.0_144\jre\lib\endorsed"/>
    <property name="java.runtime.name" value="Java(TM) SE Runtime Environment"/>
    <property name="file.encoding" value="Cp1252"/>
    <property name="java.vm.name" value="Java HotSpot(TM) 64-Bit Server VM"/>
    <property name="localRepository" value="C:\Users\hendr\.m2\repository"/>
    <property name="java.vendor.url.bug" value="http://bugreport.sun.com/bugreport/"/>
    <property name="java.io.tmpdir" value="C:\Users\hendr\AppData\Local\Temp\"/>
    <property name="java.version" value="1.8.0_144"/>
    <property name="user.dir" value="C:\Users\hendr\Desktop\coding.test\coding.test"/>
    <property name="os.arch" value="amd64"/>
    <property name="java.vm.specification.name" value="Java Virtual Machine Specification"/>
    <property name="java.awt.printerjob" value="sun.awt.windows.WPrinterJob"/>
    <property name="sun.os.patch.level" value=""/>
    <property name="java.library.path" value="C:\Program Files (x86)\java\jdk1.8.0_144\jdk1.8.0_144\jre\bin;C:\WINDOWS\Sun\Java\bin;C:\WINDOWS\system32;C:\WINDOWS;C:\Program Files (x86)\Common Files\Intel\Shared Libraries\redist\intel64\compiler;C:\Python38\Scripts\;C:\Python38\;C:\WINDOWS\system32;C:\WINDOWS;C:\WINDOWS\System32\Wbem;C:\WINDOWS\System32\WindowsPowerShell\v1.0\;C:\WINDOWS\System32\OpenSSH\;C:\Program Files (x86)\java\jdk1.8.0_144\jdk1.8.0_144\bin;C:\apache-maven-3.5.0\apache-maven-3.5.0\bin;C:\Program Files\nodejs\;C:\ProgramData\chocolatey\bin;C:\apache-zookeeper-3.5.8-bin\bin;C:\Program Files\Git\cmd;C:\Program Files (x86)\Bitvise SSH Client;C:\Program Files\SourceGear\Common\DiffMerge\;C:\Program Files (x86)\jdk-11.0.7\bin;;C:\Users\hendr\AppData\Local\Programs\Microsoft VS Code\bin;C:\Users\hendr\AppData\Roaming\npm;C:\Program Files\JetBrains\WebStorm 2020.1.2\bin;;C:\Users\hendr\AppData\Local\Microsoft\WindowsApps;."/>
    <property name="java.vm.info" value="mixed mode"/>
    <property name="java.vendor" value="Oracle Corporation"/>
    <property name="java.vm.version" value="25.144-b01"/>
    <property name="java.ext.dirs" value="C:\Program Files (x86)\java\jdk1.8.0_144\jdk1.8.0_144\jre\lib\ext;C:\WINDOWS\Sun\Java\lib\ext"/>
    <property name="sun.io.unicode.encoding" value="UnicodeLittle"/>
    <property name="java.class.version" value="52.0"/>
  </properties>
  <testcase name="contextLoads" classname="com.mitrais.coding.test.ApplicationTests" time="0.001">
    <error message="Failed to load ApplicationContext" type="java.lang.IllegalStateException">java.lang.IllegalStateException: Failed to load ApplicationContext
Caused by: org.springframework.beans.factory.UnsatisfiedDependencyException: Error creating bean with name 'org.springframework.boot.autoconfigure.orm.jpa.HibernateJpaConfiguration': Unsatisfied dependency expressed through constructor parameter 0; nested exception is org.springframework.beans.factory.BeanCreationException: Error creating bean with name 'dataSource' defined in class path resource [org/springframework/boot/autoconfigure/jdbc/DataSourceConfiguration$Hikari.class]: Bean instantiation via factory method failed; nested exception is org.springframework.beans.BeanInstantiationException: Failed to instantiate [com.zaxxer.hikari.HikariDataSource]: Factory method 'dataSource' threw exception; nested exception is org.springframework.boot.autoconfigure.jdbc.DataSourceProperties$DataSourceBeanCreationException: Failed to determine a suitable driver class
Caused by: org.springframework.beans.factory.BeanCreationException: Error creating bean with name 'dataSource' defined in class path resource [org/springframework/boot/autoconfigure/jdbc/DataSourceConfiguration$Hikari.class]: Bean instantiation via factory method failed; nested exception is org.springframework.beans.BeanInstantiationException: Failed to instantiate [com.zaxxer.hikari.HikariDataSource]: Factory method 'dataSource' threw exception; nested exception is org.springframework.boot.autoconfigure.jdbc.DataSourceProperties$DataSourceBeanCreationException: Failed to determine a suitable driver class
Caused by: org.springframework.beans.BeanInstantiationException: Failed to instantiate [com.zaxxer.hikari.HikariDataSource]: Factory method 'dataSource' threw exception; nested exception is org.springframework.boot.autoconfigure.jdbc.DataSourceProperties$DataSourceBeanCreationException: Failed to determine a suitable driver class
Caused by: org.springframework.boot.autoconfigure.jdbc.DataSourceProperties$DataSourceBeanCreationException: Failed to determine a suitable driver class
</error>
    <system-out><![CDATA[21:42:06.809 [main] DEBUG org.springframework.test.context.junit4.SpringJUnit4ClassRunner - SpringJUnit4ClassRunner constructor called with [class com.mitrais.coding.test.ApplicationTests]
21:42:06.816 [main] DEBUG org.springframework.test.context.BootstrapUtils - Instantiating CacheAwareContextLoaderDelegate from class [org.springframework.test.context.cache.DefaultCacheAwareContextLoaderDelegate]
21:42:06.825 [main] DEBUG org.springframework.test.context.BootstrapUtils - Instantiating BootstrapContext using constructor [public org.springframework.test.context.support.DefaultBootstrapContext(java.lang.Class,org.springframework.test.context.CacheAwareContextLoaderDelegate)]
21:42:06.849 [main] DEBUG org.springframework.test.context.BootstrapUtils - Instantiating TestContextBootstrapper for test class [com.mitrais.coding.test.ApplicationTests] from class [org.springframework.boot.test.context.SpringBootTestContextBootstrapper]
21:42:06.868 [main] INFO org.springframework.boot.test.context.SpringBootTestContextBootstrapper - Neither @ContextConfiguration nor @ContextHierarchy found for test class [com.mitrais.coding.test.ApplicationTests], using SpringBootContextLoader
21:42:06.875 [main] DEBUG org.springframework.test.context.support.AbstractContextLoader - Did not detect default resource location for test class [com.mitrais.coding.test.ApplicationTests]: class path resource [com/mitrais/coding/test/ApplicationTests-context.xml] does not exist
21:42:06.876 [main] DEBUG org.springframework.test.context.support.AbstractContextLoader - Did not detect default resource location for test class [com.mitrais.coding.test.ApplicationTests]: class path resource [com/mitrais/coding/test/ApplicationTestsContext.groovy] does not exist
21:42:06.876 [main] INFO org.springframework.test.context.support.AbstractContextLoader - Could not detect default resource locations for test class [com.mitrais.coding.test.ApplicationTests]: no resource found for suffixes {-context.xml, Context.groovy}.
21:42:06.878 [main] INFO org.springframework.test.context.support.AnnotationConfigContextLoaderUtils - Could not detect default configuration classes for test class [com.mitrais.coding.test.ApplicationTests]: ApplicationTests does not declare any static, non-private, non-final, nested classes annotated with @Configuration.
21:42:06.936 [main] DEBUG org.springframework.test.context.support.ActiveProfilesUtils - Could not find an 'annotation declaring class' for annotation type [org.springframework.test.context.ActiveProfiles] and class [com.mitrais.coding.test.ApplicationTests]
21:42:07.040 [main] DEBUG org.springframework.context.annotation.ClassPathScanningCandidateComponentProvider - Identified candidate component class: file [C:\Users\hendr\Desktop\coding.test\coding.test\target\classes\com\mitrais\coding\test\Application.class]
21:42:07.040 [main] INFO org.springframework.boot.test.context.SpringBootTestContextBootstrapper - Found @SpringBootConfiguration com.mitrais.coding.test.Application for test class com.mitrais.coding.test.ApplicationTests
21:42:07.180 [main] DEBUG org.springframework.boot.test.context.SpringBootTestContextBootstrapper - @TestExecutionListeners is not present for class [com.mitrais.coding.test.ApplicationTests]: using defaults.
21:42:07.180 [main] INFO org.springframework.boot.test.context.SpringBootTestContextBootstrapper - Loaded default TestExecutionListener class names from location [META-INF/spring.factories]: [org.springframework.boot.test.mock.mockito.MockitoTestExecutionListener, org.springframework.boot.test.mock.mockito.ResetMocksTestExecutionListener, org.springframework.boot.test.autoconfigure.restdocs.RestDocsTestExecutionListener, org.springframework.boot.test.autoconfigure.web.client.MockRestServiceServerResetTestExecutionListener, org.springframework.boot.test.autoconfigure.web.servlet.MockMvcPrintOnlyOnFailureTestExecutionListener, org.springframework.boot.test.autoconfigure.web.servlet.WebDriverTestExecutionListener, org.springframework.test.context.web.ServletTestExecutionListener, org.springframework.test.context.support.DirtiesContextBeforeModesTestExecutionListener, org.springframework.test.context.support.DependencyInjectionTestExecutionListener, org.springframework.test.context.support.DirtiesContextTestExecutionListener, org.springframework.test.context.transaction.TransactionalTestExecutionListener, org.springframework.test.context.jdbc.SqlScriptsTestExecutionListener]
21:42:07.221 [main] INFO org.springframework.boot.test.context.SpringBootTestContextBootstrapper - Using TestExecutionListeners: [org.springframework.test.context.web.ServletTestExecutionListener@692f203f, org.springframework.test.context.support.DirtiesContextBeforeModesTestExecutionListener@48f2bd5b, org.springframework.boot.test.mock.mockito.MockitoTestExecutionListener@7b2bbc3, org.springframework.boot.test.autoconfigure.SpringBootDependencyInjectionTestExecutionListener@a1153bc, org.springframework.test.context.support.DirtiesContextTestExecutionListener@1aafa419, org.springframework.test.context.transaction.TransactionalTestExecutionListener@47eaca72, org.springframework.test.context.jdbc.SqlScriptsTestExecutionListener@55141def, org.springframework.boot.test.mock.mockito.ResetMocksTestExecutionListener@55182842, org.springframework.boot.test.autoconfigure.restdocs.RestDocsTestExecutionListener@3270d194, org.springframework.boot.test.autoconfigure.web.client.MockRestServiceServerResetTestExecutionListener@235834f2, org.springframework.boot.test.autoconfigure.web.servlet.MockMvcPrintOnlyOnFailureTestExecutionListener@5656be13, org.springframework.boot.test.autoconfigure.web.servlet.WebDriverTestExecutionListener@4218d6a3]
21:42:07.226 [main] DEBUG org.springframework.test.annotation.ProfileValueUtils - Retrieved @ProfileValueSourceConfiguration [null] for test class [com.mitrais.coding.test.ApplicationTests]
21:42:07.227 [main] DEBUG org.springframework.test.annotation.ProfileValueUtils - Retrieved ProfileValueSource type [class org.springframework.test.annotation.SystemProfileValueSource] for class [com.mitrais.coding.test.ApplicationTests]
21:42:07.229 [main] DEBUG org.springframework.test.annotation.ProfileValueUtils - Retrieved @ProfileValueSourceConfiguration [null] for test class [com.mitrais.coding.test.ApplicationTests]
21:42:07.229 [main] DEBUG org.springframework.test.annotation.ProfileValueUtils - Retrieved ProfileValueSource type [class org.springframework.test.annotation.SystemProfileValueSource] for class [com.mitrais.coding.test.ApplicationTests]
21:42:07.231 [main] DEBUG org.springframework.test.annotation.ProfileValueUtils - Retrieved @ProfileValueSourceConfiguration [null] for test class [com.mitrais.coding.test.ApplicationTests]
21:42:07.232 [main] DEBUG org.springframework.test.annotation.ProfileValueUtils - Retrieved ProfileValueSource type [class org.springframework.test.annotation.SystemProfileValueSource] for class [com.mitrais.coding.test.ApplicationTests]
21:42:07.236 [main] DEBUG org.springframework.test.context.support.AbstractDirtiesContextTestExecutionListener - Before test class: context [DefaultTestContext@4afcd809 testClass = ApplicationTests, testInstance = [null], testMethod = [null], testException = [null], mergedContextConfiguration = [WebMergedContextConfiguration@175c2241 testClass = ApplicationTests, locations = '{}', classes = '{class com.mitrais.coding.test.Application}', contextInitializerClasses = '[]', activeProfiles = '{}', propertySourceLocations = '{}', propertySourceProperties = '{org.springframework.boot.test.context.SpringBootTestContextBootstrapper=true}', contextCustomizers = set[org.springframework.boot.test.context.filter.ExcludeFilterContextCustomizer@32eebfca, org.springframework.boot.test.json.DuplicateJsonObjectContextCustomizerFactory$DuplicateJsonObjectContextCustomizer@543c6f6d, org.springframework.boot.test.mock.mockito.MockitoContextCustomizer@0, org.springframework.boot.test.web.client.TestRestTemplateContextCustomizer@10dba097, org.springframework.boot.test.autoconfigure.properties.PropertyMappingContextCustomizer@0, org.springframework.boot.test.autoconfigure.web.servlet.WebDriverContextCustomizerFactory$Customizer@704921a5], resourceBasePath = 'src/main/webapp', contextLoader = 'org.springframework.boot.test.context.SpringBootContextLoader', parent = [null]], attributes = map['org.springframework.test.context.web.ServletTestExecutionListener.activateListener' -> true]], class annotated with @DirtiesContext [false] with mode [null].
21:42:07.238 [main] DEBUG org.springframework.test.annotation.ProfileValueUtils - Retrieved @ProfileValueSourceConfiguration [null] for test class [com.mitrais.coding.test.ApplicationTests]
21:42:07.239 [main] DEBUG org.springframework.test.annotation.ProfileValueUtils - Retrieved ProfileValueSource type [class org.springframework.test.annotation.SystemProfileValueSource] for class [com.mitrais.coding.test.ApplicationTests]
21:42:07.281 [main] DEBUG org.springframework.test.context.support.TestPropertySourceUtils - Adding inlined properties to environment: {spring.jmx.enabled=false, org.springframework.boot.test.context.SpringBootTestContextBootstrapper=true, server.port=-1}

  .   ____          _            __ _ _
 /\\ / ___'_ __ _ _(_)_ __  __ _ \ \ \ \
( ( )\___ | '_ | '_| | '_ \/ _` | \ \ \ \
 \\/  ___)| |_)| | | | | || (_| |  ) ) ) )
  '  |____| .__|_| |_|_| |_\__, | / / / /
 =========|_|==============|___/=/_/_/_/
 :: Spring Boot ::  (v2.1.18.BUILD-SNAPSHOT)

2020-09-29 21:42:07.675  INFO 19428 --- [           main] c.mitrais.coding.test.ApplicationTests   : Starting ApplicationTests on LAPTOP-A819VK3M with PID 19428 (started by hendr in C:\Users\hendr\Desktop\coding.test\coding.test)
2020-09-29 21:42:07.676  INFO 19428 --- [           main] c.mitrais.coding.test.ApplicationTests   : No active profile set, falling back to default profiles: default
2020-09-29 21:42:08.612  INFO 19428 --- [           main] .s.d.r.c.RepositoryConfigurationDelegate : Bootstrapping Spring Data JPA repositories in DEFAULT mode.
2020-09-29 21:42:08.650  INFO 19428 --- [           main] .s.d.r.c.RepositoryConfigurationDelegate : Finished Spring Data repository scanning in 23ms. Found 0 JPA repository interfaces.
2020-09-29 21:42:09.304  WARN 19428 --- [           main] o.s.w.c.s.GenericWebApplicationContext   : Exception encountered during context initialization - cancelling refresh attempt: org.springframework.beans.factory.UnsatisfiedDependencyException: Error creating bean with name 'org.springframework.boot.autoconfigure.orm.jpa.HibernateJpaConfiguration': Unsatisfied dependency expressed through constructor parameter 0; nested exception is org.springframework.beans.factory.BeanCreationException: Error creating bean with name 'dataSource' defined in class path resource [org/springframework/boot/autoconfigure/jdbc/DataSourceConfiguration$Hikari.class]: Bean instantiation via factory method failed; nested exception is org.springframework.beans.BeanInstantiationException: Failed to instantiate [com.zaxxer.hikari.HikariDataSource]: Factory method 'dataSource' threw exception; nested exception is org.springframework.boot.autoconfigure.jdbc.DataSourceProperties$DataSourceBeanCreationException: Failed to determine a suitable driver class
2020-09-29 21:42:09.322  INFO 19428 --- [           main] ConditionEvaluationReportLoggingListener : 

Error starting ApplicationContext. To display the conditions report re-run your application with 'debug' enabled.
2020-09-29 21:42:09.326 ERROR 19428 --- [           main] o.s.b.d.LoggingFailureAnalysisReporter   : 

***************************
APPLICATION FAILED TO START
***************************

Description:

Failed to configure a DataSource: 'url' attribute is not specified and no embedded datasource could be configured.

Reason: Failed to determine a suitable driver class


Action:

Consider the following:
	If you want an embedded database (H2, HSQL or Derby), please put it on the classpath.
	If you have database settings to be loaded from a particular profile you may need to activate it (no profiles are currently active).

2020-09-29 21:42:09.335 ERROR 19428 --- [           main] o.s.test.context.TestContextManager      : Caught exception while allowing TestExecutionListener [org.springframework.test.context.web.ServletTestExecutionListener@692f203f] to prepare test instance [com.mitrais.coding.test.ApplicationTests@5b5caf08]

java.lang.IllegalStateException: Failed to load ApplicationContext
	at org.springframework.test.context.cache.DefaultCacheAwareContextLoaderDelegate.loadContext(DefaultCacheAwareContextLoaderDelegate.java:125) ~[spring-test-5.1.18.RELEASE.jar:5.1.18.RELEASE]
	at org.springframework.test.context.support.DefaultTestContext.getApplicationContext(DefaultTestContext.java:108) ~[spring-test-5.1.18.RELEASE.jar:5.1.18.RELEASE]
	at org.springframework.test.context.web.ServletTestExecutionListener.setUpRequestContextIfNecessary(ServletTestExecutionListener.java:190) ~[spring-test-5.1.18.RELEASE.jar:5.1.18.RELEASE]
	at org.springframework.test.context.web.ServletTestExecutionListener.prepareTestInstance(ServletTestExecutionListener.java:132) ~[spring-test-5.1.18.RELEASE.jar:5.1.18.RELEASE]
	at org.springframework.test.context.TestContextManager.prepareTestInstance(TestContextManager.java:246) ~[spring-test-5.1.18.RELEASE.jar:5.1.18.RELEASE]
	at org.springframework.test.context.junit4.SpringJUnit4ClassRunner.createTest(SpringJUnit4ClassRunner.java:227) [spring-test-5.1.18.RELEASE.jar:5.1.18.RELEASE]
	at org.springframework.test.context.junit4.SpringJUnit4ClassRunner$1.runReflectiveCall(SpringJUnit4ClassRunner.java:289) [spring-test-5.1.18.RELEASE.jar:5.1.18.RELEASE]
	at org.junit.internal.runners.model.ReflectiveCallable.run(ReflectiveCallable.java:12) [junit-4.12.jar:4.12]
	at org.springframework.test.context.junit4.SpringJUnit4ClassRunner.methodBlock(SpringJUnit4ClassRunner.java:291) [spring-test-5.1.18.RELEASE.jar:5.1.18.RELEASE]
	at org.springframework.test.context.junit4.SpringJUnit4ClassRunner.runChild(SpringJUnit4ClassRunner.java:246) [spring-test-5.1.18.RELEASE.jar:5.1.18.RELEASE]
	at org.springframework.test.context.junit4.SpringJUnit4ClassRunner.runChild(SpringJUnit4ClassRunner.java:97) [spring-test-5.1.18.RELEASE.jar:5.1.18.RELEASE]
	at org.junit.runners.ParentRunner$3.run(ParentRunner.java:290) [junit-4.12.jar:4.12]
	at org.junit.runners.ParentRunner$1.schedule(ParentRunner.java:71) [junit-4.12.jar:4.12]
	at org.junit.runners.ParentRunner.runChildren(ParentRunner.java:288) [junit-4.12.jar:4.12]
	at org.junit.runners.ParentRunner.access$000(ParentRunner.java:58) [junit-4.12.jar:4.12]
	at org.junit.runners.ParentRunner$2.evaluate(ParentRunner.java:268) [junit-4.12.jar:4.12]
	at org.springframework.test.context.junit4.statements.RunBeforeTestClassCallbacks.evaluate(RunBeforeTestClassCallbacks.java:61) [spring-test-5.1.18.RELEASE.jar:5.1.18.RELEASE]
	at org.springframework.test.context.junit4.statements.RunAfterTestClassCallbacks.evaluate(RunAfterTestClassCallbacks.java:70) [spring-test-5.1.18.RELEASE.jar:5.1.18.RELEASE]
	at org.junit.runners.ParentRunner.run(ParentRunner.java:363) [junit-4.12.jar:4.12]
	at org.springframework.test.context.junit4.SpringJUnit4ClassRunner.run(SpringJUnit4ClassRunner.java:190) [spring-test-5.1.18.RELEASE.jar:5.1.18.RELEASE]
	at org.apache.maven.surefire.junit4.JUnit4Provider.execute(JUnit4Provider.java:365) [surefire-junit4-2.22.2.jar:2.22.2]
	at org.apache.maven.surefire.junit4.JUnit4Provider.executeWithRerun(JUnit4Provider.java:273) [surefire-junit4-2.22.2.jar:2.22.2]
	at org.apache.maven.surefire.junit4.JUnit4Provider.executeTestSet(JUnit4Provider.java:238) [surefire-junit4-2.22.2.jar:2.22.2]
	at org.apache.maven.surefire.junit4.JUnit4Provider.invoke(JUnit4Provider.java:159) [surefire-junit4-2.22.2.jar:2.22.2]
	at org.apache.maven.surefire.booter.ForkedBooter.invokeProviderInSameClassLoader(ForkedBooter.java:384) [surefire-booter-2.22.2.jar:2.22.2]
	at org.apache.maven.surefire.booter.ForkedBooter.runSuitesInProcess(ForkedBooter.java:345) [surefire-booter-2.22.2.jar:2.22.2]
	at org.apache.maven.surefire.booter.ForkedBooter.execute(ForkedBooter.java:126) [surefire-booter-2.22.2.jar:2.22.2]
	at org.apache.maven.surefire.booter.ForkedBooter.main(ForkedBooter.java:418) [surefire-booter-2.22.2.jar:2.22.2]
Caused by: org.springframework.beans.factory.UnsatisfiedDependencyException: Error creating bean with name 'org.springframework.boot.autoconfigure.orm.jpa.HibernateJpaConfiguration': Unsatisfied dependency expressed through constructor parameter 0; nested exception is org.springframework.beans.factory.BeanCreationException: Error creating bean with name 'dataSource' defined in class path resource [org/springframework/boot/autoconfigure/jdbc/DataSourceConfiguration$Hikari.class]: Bean instantiation via factory method failed; nested exception is org.springframework.beans.BeanInstantiationException: Failed to instantiate [com.zaxxer.hikari.HikariDataSource]: Factory method 'dataSource' threw exception; nested exception is org.springframework.boot.autoconfigure.jdbc.DataSourceProperties$DataSourceBeanCreationException: Failed to determine a suitable driver class
	at org.springframework.beans.factory.support.ConstructorResolver.createArgumentArray(ConstructorResolver.java:769) ~[spring-beans-5.1.18.RELEASE.jar:5.1.18.RELEASE]
	at org.springframework.beans.factory.support.ConstructorResolver.autowireConstructor(ConstructorResolver.java:218) ~[spring-beans-5.1.18.RELEASE.jar:5.1.18.RELEASE]
	at org.springframework.beans.factory.support.AbstractAutowireCapableBeanFactory.autowireConstructor(AbstractAutowireCapableBeanFactory.java:1338) ~[spring-beans-5.1.18.RELEASE.jar:5.1.18.RELEASE]
	at org.springframework.beans.factory.support.AbstractAutowireCapableBeanFactory.createBeanInstance(AbstractAutowireCapableBeanFactory.java:1185) ~[spring-beans-5.1.18.RELEASE.jar:5.1.18.RELEASE]
	at org.springframework.beans.factory.support.AbstractAutowireCapableBeanFactory.doCreateBean(AbstractAutowireCapableBeanFactory.java:554) ~[spring-beans-5.1.18.RELEASE.jar:5.1.18.RELEASE]
	at org.springframework.beans.factory.support.AbstractAutowireCapableBeanFactory.createBean(AbstractAutowireCapableBeanFactory.java:514) ~[spring-beans-5.1.18.RELEASE.jar:5.1.18.RELEASE]
	at org.springframework.beans.factory.support.AbstractBeanFactory.lambda$doGetBean$0(AbstractBeanFactory.java:321) ~[spring-beans-5.1.18.RELEASE.jar:5.1.18.RELEASE]
	at org.springframework.beans.factory.support.DefaultSingletonBeanRegistry.getSingleton(DefaultSingletonBeanRegistry.java:234) ~[spring-beans-5.1.18.RELEASE.jar:5.1.18.RELEASE]
	at org.springframework.beans.factory.support.AbstractBeanFactory.doGetBean(AbstractBeanFactory.java:319) ~[spring-beans-5.1.18.RELEASE.jar:5.1.18.RELEASE]
	at org.springframework.beans.factory.support.AbstractBeanFactory.getBean(AbstractBeanFactory.java:199) ~[spring-beans-5.1.18.RELEASE.jar:5.1.18.RELEASE]
	at org.springframework.beans.factory.support.ConstructorResolver.instantiateUsingFactoryMethod(ConstructorResolver.java:392) ~[spring-beans-5.1.18.RELEASE.jar:5.1.18.RELEASE]
	at org.springframework.beans.factory.support.AbstractAutowireCapableBeanFactory.instantiateUsingFactoryMethod(AbstractAutowireCapableBeanFactory.java:1318) ~[spring-beans-5.1.18.RELEASE.jar:5.1.18.RELEASE]
	at org.springframework.beans.factory.support.AbstractAutowireCapableBeanFactory.createBeanInstance(AbstractAutowireCapableBeanFactory.java:1158) ~[spring-beans-5.1.18.RELEASE.jar:5.1.18.RELEASE]
	at org.springframework.beans.factory.support.AbstractAutowireCapableBeanFactory.doCreateBean(AbstractAutowireCapableBeanFactory.java:554) ~[spring-beans-5.1.18.RELEASE.jar:5.1.18.RELEASE]
	at org.springframework.beans.factory.support.AbstractAutowireCapableBeanFactory.createBean(AbstractAutowireCapableBeanFactory.java:514) ~[spring-beans-5.1.18.RELEASE.jar:5.1.18.RELEASE]
	at org.springframework.beans.factory.support.AbstractBeanFactory.lambda$doGetBean$0(AbstractBeanFactory.java:321) ~[spring-beans-5.1.18.RELEASE.jar:5.1.18.RELEASE]
	at org.springframework.beans.factory.support.DefaultSingletonBeanRegistry.getSingleton(DefaultSingletonBeanRegistry.java:234) ~[spring-beans-5.1.18.RELEASE.jar:5.1.18.RELEASE]
	at org.springframework.beans.factory.support.AbstractBeanFactory.doGetBean(AbstractBeanFactory.java:319) ~[spring-beans-5.1.18.RELEASE.jar:5.1.18.RELEASE]
	at org.springframework.beans.factory.support.AbstractBeanFactory.getBean(AbstractBeanFactory.java:199) ~[spring-beans-5.1.18.RELEASE.jar:5.1.18.RELEASE]
	at org.springframework.context.support.AbstractApplicationContext.getBean(AbstractApplicationContext.java:1106) ~[spring-context-5.1.18.RELEASE.jar:5.1.18.RELEASE]
	at org.springframework.context.support.AbstractApplicationContext.finishBeanFactoryInitialization(AbstractApplicationContext.java:868) ~[spring-context-5.1.18.RELEASE.jar:5.1.18.RELEASE]
	at org.springframework.context.support.AbstractApplicationContext.refresh(AbstractApplicationContext.java:550) ~[spring-context-5.1.18.RELEASE.jar:5.1.18.RELEASE]
	at org.springframework.boot.SpringApplication.refresh(SpringApplication.java:744) ~[spring-boot-2.1.18.BUILD-SNAPSHOT.jar:2.1.18.BUILD-SNAPSHOT]
	at org.springframework.boot.SpringApplication.refreshContext(SpringApplication.java:391) ~[spring-boot-2.1.18.BUILD-SNAPSHOT.jar:2.1.18.BUILD-SNAPSHOT]
	at org.springframework.boot.SpringApplication.run(SpringApplication.java:312) ~[spring-boot-2.1.18.BUILD-SNAPSHOT.jar:2.1.18.BUILD-SNAPSHOT]
	at org.springframework.boot.test.context.SpringBootContextLoader.loadContext(SpringBootContextLoader.java:121) ~[spring-boot-test-2.1.18.BUILD-SNAPSHOT.jar:2.1.18.BUILD-SNAPSHOT]
	at org.springframework.test.context.cache.DefaultCacheAwareContextLoaderDelegate.loadContextInternal(DefaultCacheAwareContextLoaderDelegate.java:99) ~[spring-test-5.1.18.RELEASE.jar:5.1.18.RELEASE]
	at org.springframework.test.context.cache.DefaultCacheAwareContextLoaderDelegate.loadContext(DefaultCacheAwareContextLoaderDelegate.java:117) ~[spring-test-5.1.18.RELEASE.jar:5.1.18.RELEASE]
	... 27 common frames omitted
Caused by: org.springframework.beans.factory.BeanCreationException: Error creating bean with name 'dataSource' defined in class path resource [org/springframework/boot/autoconfigure/jdbc/DataSourceConfiguration$Hikari.class]: Bean instantiation via factory method failed; nested exception is org.springframework.beans.BeanInstantiationException: Failed to instantiate [com.zaxxer.hikari.HikariDataSource]: Factory method 'dataSource' threw exception; nested exception is org.springframework.boot.autoconfigure.jdbc.DataSourceProperties$DataSourceBeanCreationException: Failed to determine a suitable driver class
	at org.springframework.beans.factory.support.ConstructorResolver.instantiate(ConstructorResolver.java:627) ~[spring-beans-5.1.18.RELEASE.jar:5.1.18.RELEASE]
	at org.springframework.beans.factory.support.ConstructorResolver.instantiateUsingFactoryMethod(ConstructorResolver.java:607) ~[spring-beans-5.1.18.RELEASE.jar:5.1.18.RELEASE]
	at org.springframework.beans.factory.support.AbstractAutowireCapableBeanFactory.instantiateUsingFactoryMethod(AbstractAutowireCapableBeanFactory.java:1318) ~[spring-beans-5.1.18.RELEASE.jar:5.1.18.RELEASE]
	at org.springframework.beans.factory.support.AbstractAutowireCapableBeanFactory.createBeanInstance(AbstractAutowireCapableBeanFactory.java:1158) ~[spring-beans-5.1.18.RELEASE.jar:5.1.18.RELEASE]
	at org.springframework.beans.factory.support.AbstractAutowireCapableBeanFactory.doCreateBean(AbstractAutowireCapableBeanFactory.java:554) ~[spring-beans-5.1.18.RELEASE.jar:5.1.18.RELEASE]
	at org.springframework.beans.factory.support.AbstractAutowireCapableBeanFactory.createBean(AbstractAutowireCapableBeanFactory.java:514) ~[spring-beans-5.1.18.RELEASE.jar:5.1.18.RELEASE]
	at org.springframework.beans.factory.support.AbstractBeanFactory.lambda$doGetBean$0(AbstractBeanFactory.java:321) ~[spring-beans-5.1.18.RELEASE.jar:5.1.18.RELEASE]
	at org.springframework.beans.factory.support.DefaultSingletonBeanRegistry.getSingleton(DefaultSingletonBeanRegistry.java:234) ~[spring-beans-5.1.18.RELEASE.jar:5.1.18.RELEASE]
	at org.springframework.beans.factory.support.AbstractBeanFactory.doGetBean(AbstractBeanFactory.java:319) ~[spring-beans-5.1.18.RELEASE.jar:5.1.18.RELEASE]
	at org.springframework.beans.factory.support.AbstractBeanFactory.getBean(AbstractBeanFactory.java:199) ~[spring-beans-5.1.18.RELEASE.jar:5.1.18.RELEASE]
	at org.springframework.beans.factory.config.DependencyDescriptor.resolveCandidate(DependencyDescriptor.java:277) ~[spring-beans-5.1.18.RELEASE.jar:5.1.18.RELEASE]
	at org.springframework.beans.factory.support.DefaultListableBeanFactory.doResolveDependency(DefaultListableBeanFactory.java:1276) ~[spring-beans-5.1.18.RELEASE.jar:5.1.18.RELEASE]
	at org.springframework.beans.factory.support.DefaultListableBeanFactory.resolveDependency(DefaultListableBeanFactory.java:1196) ~[spring-beans-5.1.18.RELEASE.jar:5.1.18.RELEASE]
	at org.springframework.beans.factory.support.ConstructorResolver.resolveAutowiredArgument(ConstructorResolver.java:857) ~[spring-beans-5.1.18.RELEASE.jar:5.1.18.RELEASE]
	at org.springframework.beans.factory.support.ConstructorResolver.createArgumentArray(ConstructorResolver.java:760) ~[spring-beans-5.1.18.RELEASE.jar:5.1.18.RELEASE]
	... 54 common frames omitted
Caused by: org.springframework.beans.BeanInstantiationException: Failed to instantiate [com.zaxxer.hikari.HikariDataSource]: Factory method 'dataSource' threw exception; nested exception is org.springframework.boot.autoconfigure.jdbc.DataSourceProperties$DataSourceBeanCreationException: Failed to determine a suitable driver class
	at org.springframework.beans.factory.support.SimpleInstantiationStrategy.instantiate(SimpleInstantiationStrategy.java:185) ~[spring-beans-5.1.18.RELEASE.jar:5.1.18.RELEASE]
	at org.springframework.beans.factory.support.ConstructorResolver.instantiate(ConstructorResolver.java:622) ~[spring-beans-5.1.18.RELEASE.jar:5.1.18.RELEASE]
	... 68 common frames omitted
Caused by: org.springframework.boot.autoconfigure.jdbc.DataSourceProperties$DataSourceBeanCreationException: Failed to determine a suitable driver class
	at org.springframework.boot.autoconfigure.jdbc.DataSourceProperties.determineDriverClassName(DataSourceProperties.java:233) ~[spring-boot-autoconfigure-2.1.18.BUILD-SNAPSHOT.jar:2.1.18.BUILD-SNAPSHOT]
	at org.springframework.boot.autoconfigure.jdbc.DataSourceProperties.initializeDataSourceBuilder(DataSourceProperties.java:174) ~[spring-boot-autoconfigure-2.1.18.BUILD-SNAPSHOT.jar:2.1.18.BUILD-SNAPSHOT]
	at org.springframework.boot.autoconfigure.jdbc.DataSourceConfiguration.createDataSource(DataSourceConfiguration.java:43) ~[spring-boot-autoconfigure-2.1.18.BUILD-SNAPSHOT.jar:2.1.18.BUILD-SNAPSHOT]
	at org.springframework.boot.autoconfigure.jdbc.DataSourceConfiguration$Hikari.dataSource(DataSourceConfiguration.java:85) ~[spring-boot-autoconfigure-2.1.18.BUILD-SNAPSHOT.jar:2.1.18.BUILD-SNAPSHOT]
	at org.springframework.boot.autoconfigure.jdbc.DataSourceConfiguration$Hikari$$EnhancerBySpringCGLIB$$cde859ff.CGLIB$dataSource$0(<generated>) ~[spring-boot-autoconfigure-2.1.18.BUILD-SNAPSHOT.jar:2.1.18.BUILD-SNAPSHOT]
	at org.springframework.boot.autoconfigure.jdbc.DataSourceConfiguration$Hikari$$EnhancerBySpringCGLIB$$cde859ff$$FastClassBySpringCGLIB$$e61a64a9.invoke(<generated>) ~[spring-boot-autoconfigure-2.1.18.BUILD-SNAPSHOT.jar:2.1.18.BUILD-SNAPSHOT]
	at org.springframework.cglib.proxy.MethodProxy.invokeSuper(MethodProxy.java:244) ~[spring-core-5.1.18.RELEASE.jar:5.1.18.RELEASE]
	at org.springframework.context.annotation.ConfigurationClassEnhancer$BeanMethodInterceptor.intercept(ConfigurationClassEnhancer.java:363) ~[spring-context-5.1.18.RELEASE.jar:5.1.18.RELEASE]
	at org.springframework.boot.autoconfigure.jdbc.DataSourceConfiguration$Hikari$$EnhancerBySpringCGLIB$$cde859ff.dataSource(<generated>) ~[spring-boot-autoconfigure-2.1.18.BUILD-SNAPSHOT.jar:2.1.18.BUILD-SNAPSHOT]
	at sun.reflect.NativeMethodAccessorImpl.invoke0(Native Method) ~[na:1.8.0_144]
	at sun.reflect.NativeMethodAccessorImpl.invoke(NativeMethodAccessorImpl.java:62) ~[na:1.8.0_144]
	at sun.reflect.DelegatingMethodAccessorImpl.invoke(DelegatingMethodAccessorImpl.java:43) ~[na:1.8.0_144]
	at java.lang.reflect.Method.invoke(Method.java:498) ~[na:1.8.0_144]
	at org.springframework.beans.factory.support.SimpleInstantiationStrategy.instantiate(SimpleInstantiationStrategy.java:154) ~[spring-beans-5.1.18.RELEASE.jar:5.1.18.RELEASE]
	... 69 common frames omitted

]]></system-out>
  </testcase>
</testsuite>